app/build/outputs/logs/manifest-merger-release-report.txt
-- Merging decision tree log ---
manifest
ADDED from src/main/AndroidManifest.xml:2:1-56:12
	package
		ADDED from src/main/AndroidManifest.xml:3:5-34
		INJECTED from src/main/AndroidManifest.xml
		INJECTED from src/main/AndroidManifest.xml
	xmlns:android
		ADDED from src/main/AndroidManifest.xml:2:11-69
uses-permission#android.permission.ACCESS_NETWORK_STATE
ADDED from src/main/AndroidManifest.xml:5:5-79
	android:name
		ADDED from src/main/AndroidManifest.xml:5:22-76
uses-permission#android.permission.ACCESS_WIFI_STATE
ADDED from src/main/AndroidManifest.xml:6:5-76
	android:name
		ADDED from src/main/AndroidManifest.xml:6:22-73
uses-permission#android.permission.INTERNET
ADDED from src/main/AndroidManifest.xml:7:5-67
	android:name
		ADDED from src/main/AndroidManifest.xml:7:22-64
uses-permission#android.permission.WRITE_EXTERNAL_STORAGE
ADDED from src/main/AndroidManifest.xml:8:5-81
	android:name
		ADDED from src/main/AndroidManifest.xml:8:22-78
application
ADDED from src/main/AndroidManifest.xml:10:5-54:19
	android:label
		ADDED from src/main/AndroidManifest.xml:13:9-50
	android:icon
		ADDED from src/main/AndroidManifest.xml:12:9-42
	android:name
		ADDED from src/main/AndroidManifest.xml:11:9-68
activity#sample.kot.rest.com.KotRestActivity
ADDED from src/main/AndroidManifest.xml:14:9-18:50
	android:screenOrientation
		ADDED from src/main/AndroidManifest.xml:17:13-50
	android:label
		ADDED from src/main/AndroidManifest.xml:16:13-45
	android:theme
		ADDED from src/main/AndroidManifest.xml:18:13-47
	android:name
		ADDED from src/main/AndroidManifest.xml:15:13-44
activity#sample.kot.rest.com.KotLoginActivity
ADDED from src/main/AndroidManifest.xml:19:9-28:20
	android:screenOrientation
		ADDED from src/main/AndroidManifest.xml:21:13-50
	android:theme
		ADDED from src/main/AndroidManifest.xml:22:13-47
	android:name
		ADDED from src/main/AndroidManifest.xml:20:13-45
intent-filter#android.intent.action.MAIN+android.intent.category.LAUNCHER
ADDED from src/main/AndroidManifest.xml:23:13-27:29
action#android.intent.action.MAIN
ADDED from src/main/AndroidManifest.xml:24:17-69
	android:name
		ADDED from src/main/AndroidManifest.xml:24:25-66
category#android.intent.category.LAUNCHER
ADDED from src/main/AndroidManifest.xml:26:17-77
	android:name
		ADDED from src/main/AndroidManifest.xml:26:27-74
activity#sample.kot.rest.com.KOTSettingActivity
ADDED from src/main/AndroidManifest.xml:29:9-32:50
	android:screenOrientation
		ADDED from src/main/AndroidManifest.xml:31:13-50
	android:theme
		ADDED from src/main/AndroidManifest.xml:32:13-47
	android:name
		ADDED from src/main/AndroidManifest.xml:30:13-47
activity#sample.kot.rest.com.KOTTableActivity
ADDED from src/main/AndroidManifest.xml:33:9-37:71
	android:screenOrientation
		ADDED from src/main/AndroidManifest.xml:35:13-50
	android:windowSoftInputMode
		ADDED from src/main/AndroidManifest.xml:37:13-68
	android:theme
		ADDED from src/main/AndroidManifest.xml:36:13-47
	android:name
		ADDED from src/main/AndroidManifest.xml:34:13-45
activity#sample.kot.rest.com.KOTEntryActivity
ADDED from src/main/AndroidManifest.xml:38:9-42:71
	android:screenOrientation
		ADDED from src/main/AndroidManifest.xml:40:13-50
	android:windowSoftInputMode
		ADDED from src/main/AndroidManifest.xml:42:13-68
	android:theme
		ADDED from src/main/AndroidManifest.xml:41:13-47
	android:name
		ADDED from src/main/AndroidManifest.xml:39:13-45
activity#sample.kot.rest.com.KOTOutletActivity
ADDED from src/main/AndroidManifest.xml:43:9-47:57
	android:screenOrientation
		ADDED from src/main/AndroidManifest.xml:45:13-50
	android:windowSoftInputMode
		ADDED from src/main/AndroidManifest.xml:47:13-54
	android:theme
		ADDED from src/main/AndroidManifest.xml:46:13-47
	android:name
		ADDED from src/main/AndroidManifest.xml:44:13-46
activity#sample.kot.rest.com.SplashActivity
ADDED from src/main/AndroidManifest.xml:48:9-53:20
	android:name
		ADDED from src/main/AndroidManifest.xml:48:19-49
uses-sdk
INJECTED from src/main/AndroidManifest.xml reason: use-sdk injection requested
MERGED from [com.android.support:multidex:1.0.1] AndroidManifest.xml:18:5-42
	android:targetSdkVersion
		INJECTED from src/main/AndroidManifest.xml
		INJECTED from src/main/AndroidManifest.xml
	android:minSdkVersion
		INJECTED from src/main/AndroidManifest.xml
		INJECTED from src/main/AndroidManifest.xml